2025.05.29 12:40:20 INFO  Started: Metals version 1.5.3 in folders '/Users/kirtisikka/Downloads/leave-management-system/backend' for client Visual Studio Code 1.100.2.[0m
2025.05.29 12:40:22 INFO  no build target found for /Users/kirtisikka/Downloads/leave-management-system/backend/src/main/scala/Main.scala. Using presentation compiler with project's scala-library version: 3.3.6[0m
2025.05.29 12:40:22 INFO  no build target found for /Users/kirtisikka/Downloads/leave-management-system/backend/src/main/scala/Main.scala. Using presentation compiler with project's scala-library version: 3.3.6[0m
May 29, 2025 12:40:23 PM org.eclipse.lsp4j.jsonrpc.RemoteEndpoint handleCancellation
WARNING: Unmatched cancel notification for request id 1
May 29, 2025 12:40:23 PM org.eclipse.lsp4j.jsonrpc.RemoteEndpoint handleCancellation
WARNING: Unmatched cancel notification for request id 4
2025.05.29 12:40:22 INFO  no build target found for /Users/kirtisikka/Downloads/leave-management-system/backend/src/main/scala/Main.scala. Using presentation compiler with project's scala-library version: 3.3.6[0m
May 29, 2025 12:40:23 PM org.eclipse.lsp4j.jsonrpc.RemoteEndpoint handleCancellation
WARNING: Unmatched cancel notification for request id 5
May 29, 2025 12:40:23 PM org.eclipse.lsp4j.jsonrpc.RemoteEndpoint handleCancellation
WARNING: Unmatched cancel notification for request id 6
May 29, 2025 12:40:23 PM org.eclipse.lsp4j.jsonrpc.RemoteEndpoint handleCancellation
WARNING: Unmatched cancel notification for request id 3
May 29, 2025 12:40:23 PM org.eclipse.lsp4j.jsonrpc.RemoteEndpoint handleCancellation
WARNING: Unmatched cancel notification for request id 7
2025.05.29 12:40:22 INFO  no build target found for /Users/kirtisikka/Downloads/leave-management-system/backend/build.sbt. Using presentation compiler with project's scala-library version: 3.3.6[0m
2025.05.29 12:40:23 INFO  no build target found for /Users/kirtisikka/Downloads/leave-management-system/backend/build.sbt. Using presentation compiler with project's scala-library version: 3.3.6[0m
2025.05.29 12:40:22 INFO  no build target found for /Users/kirtisikka/Downloads/leave-management-system/backend/build.sbt. Using presentation compiler with project's scala-library version: 3.3.6[0m
May 29, 2025 12:40:23 PM org.eclipse.lsp4j.jsonrpc.RemoteEndpoint handleCancellation
WARNING: Unmatched cancel notification for request id 8
2025.05.29 12:40:22 INFO  no build target found for /Users/kirtisikka/Downloads/leave-management-system/backend/build.sbt. Using presentation compiler with project's scala-library version: 3.3.6[0m
2025.05.29 12:40:22 INFO  no build target found for /Users/kirtisikka/Downloads/leave-management-system/backend/build.sbt. Using presentation compiler with project's scala-library version: 3.3.6[0m
2025.05.29 12:40:23 INFO  no build target found for /Users/kirtisikka/Downloads/leave-management-system/backend/build.sbt. Using presentation compiler with project's scala-library version: 3.3.6[0m
2025.05.29 12:40:23 INFO  no build target found for /Users/kirtisikka/Downloads/leave-management-system/backend/build.sbt. Using presentation compiler with project's scala-library version: 3.3.6[0m
2025.05.29 12:40:27 INFO  no build target found for /Users/kirtisikka/Downloads/leave-management-system/backend/build.sbt. Using presentation compiler with project's scala-library version: 3.3.6[0m
2025.05.29 12:40:29 INFO  no build target found for /Users/kirtisikka/Downloads/leave-management-system/backend/build.sbt. Using presentation compiler with project's scala-library version: 3.3.6[0m
May 29, 2025 12:40:42 PM org.eclipse.lsp4j.jsonrpc.services.GenericEndpoint notify
INFO: Unsupported notification method: $/setTrace
2025.05.29 12:40:45 WARN  no build target for: /Users/kirtisikka/Downloads/leave-management-system/backend/build.sbt[0m
2025.05.29 12:40:45 INFO  no build target found for /Users/kirtisikka/Downloads/leave-management-system/backend/build.sbt. Using presentation compiler with project's scala-library version: 3.3.6[0m
2025.05.29 12:40:45 WARN  Could not find semantic tokens for: file:///Users/kirtisikka/Downloads/leave-management-system/backend/build.sbt[0m
2025.05.29 12:41:43 INFO  no build target found for /Users/kirtisikka/Downloads/leave-management-system/backend/build.sbt. Using presentation compiler with project's scala-library version: 3.3.6[0m
2025.05.29 12:41:43 INFO  no build target found for /Users/kirtisikka/Downloads/leave-management-system/backend/build.sbt. Using presentation compiler with project's scala-library version: 3.3.6[0m
2025.05.29 12:41:43 INFO  no build target found for /Users/kirtisikka/Downloads/leave-management-system/backend/build.sbt. Using presentation compiler with project's scala-library version: 3.3.6[0m
2025.05.29 12:41:43 WARN  Could not find semantic tokens for: file:///Users/kirtisikka/Downloads/leave-management-system/backend/build.sbt[0m
2025.05.29 12:41:44 WARN  no build target for: /Users/kirtisikka/Downloads/leave-management-system/backend/build.sbt[0m
2025.05.29 12:41:44 INFO  no build target found for /Users/kirtisikka/Downloads/leave-management-system/backend/build.sbt. Using presentation compiler with project's scala-library version: 3.3.6[0m
2025.05.29 12:41:44 INFO  no build target found for /Users/kirtisikka/Downloads/leave-management-system/backend/build.sbt. Using presentation compiler with project's scala-library version: 3.3.6[0m
2025.05.29 12:41:44 INFO  no build target found for /Users/kirtisikka/Downloads/leave-management-system/backend/build.sbt. Using presentation compiler with project's scala-library version: 3.3.6[0m
2025.05.29 12:41:44 WARN  Could not find semantic tokens for: file:///Users/kirtisikka/Downloads/leave-management-system/backend/build.sbt[0m
2025.05.29 12:41:55 WARN  no build target for: /Users/kirtisikka/Downloads/leave-management-system/backend/src/main/scala/Main.scala[0m
2025.05.29 12:41:55 INFO  no build target found for /Users/kirtisikka/Downloads/leave-management-system/backend/src/main/scala/Main.scala. Using presentation compiler with project's scala-library version: 3.3.6[0m
2025.05.29 12:41:55 INFO  no build target found for /Users/kirtisikka/Downloads/leave-management-system/backend/src/main/scala/Main.scala. Using presentation compiler with project's scala-library version: 3.3.6[0m
2025.05.29 12:41:55 INFO  no build target found for /Users/kirtisikka/Downloads/leave-management-system/backend/src/main/scala/Main.scala. Using presentation compiler with project's scala-library version: 3.3.6[0m
2025.05.29 12:41:55 INFO  no build target found for /Users/kirtisikka/Downloads/leave-management-system/backend/src/main/scala/Main.scala. Using presentation compiler with project's scala-library version: 3.3.6[0m
2025.05.29 12:41:55 INFO  no build target found for /Users/kirtisikka/Downloads/leave-management-system/backend/src/main/scala/Main.scala. Using presentation compiler with project's scala-library version: 3.3.6[0m
2025.05.29 12:41:55 INFO  no build target found for /Users/kirtisikka/Downloads/leave-management-system/backend/src/main/scala/Main.scala. Using presentation compiler with project's scala-library version: 3.3.6[0m
2025.05.29 12:41:57 INFO  no build target found for /Users/kirtisikka/Downloads/leave-management-system/backend/src/main/scala/Main.scala. Using presentation compiler with project's scala-library version: 3.3.6[0m
2025.05.29 12:41:57 INFO  no build target found for /Users/kirtisikka/Downloads/leave-management-system/backend/src/main/scala/Main.scala. Using presentation compiler with project's scala-library version: 3.3.6[0m
2025.05.29 12:41:58 WARN  no build target for: /Users/kirtisikka/Downloads/leave-management-system/backend/src/main/scala/Main.scala[0m
2025.05.29 12:41:58 INFO  no build target found for /Users/kirtisikka/Downloads/leave-management-system/backend/src/main/scala/Main.scala. Using presentation compiler with project's scala-library version: 3.3.6[0m
2025.05.29 12:41:58 INFO  no build target found for /Users/kirtisikka/Downloads/leave-management-system/backend/src/main/scala/Main.scala. Using presentation compiler with project's scala-library version: 3.3.6[0m
2025.05.29 12:43:05 INFO  Shutting down server[0m
2025.05.29 12:43:05 INFO  shutting down Metals[0m
2025.05.29 12:43:05 INFO  Exiting server[0m
2025.05.29 18:40:45 INFO  Started: Metals version 1.5.3 in folders '/home/akshaya/Documents/Sem6Labsheets/BDA/HospitalManagement/backend' for client Visual Studio Code 1.100.0.[0m
2025.05.29 18:40:50 INFO  no build target found for /home/akshaya/Documents/Sem6Labsheets/BDA/HospitalManagement/backend/src/main/scala/Main.scala. Using presentation compiler with project's scala-library version: 3.3.6[0m
2025.05.29 18:40:51 INFO  no build target found for /home/akshaya/Documents/Sem6Labsheets/BDA/HospitalManagement/backend/src/main/scala/Main.scala. Using presentation compiler with project's scala-library version: 3.3.6[0m
2025.05.29 18:41:04 INFO  no build target found for /home/akshaya/Documents/Sem6Labsheets/BDA/HospitalManagement/backend/src/main/scala/Main.scala. Using presentation compiler with project's scala-library version: 3.3.6[0m
2025.05.29 18:41:04 INFO  no build target found for /home/akshaya/Documents/Sem6Labsheets/BDA/HospitalManagement/backend/src/main/scala/Main.scala. Using presentation compiler with project's scala-library version: 3.3.6[0m
2025.05.29 18:41:05 INFO  no build target found for /home/akshaya/Documents/Sem6Labsheets/BDA/HospitalManagement/backend/src/main/scala/Main.scala. Using presentation compiler with project's scala-library version: 3.3.6[0m
2025.05.29 18:41:05 WARN  no build target for: /home/akshaya/Documents/Sem6Labsheets/BDA/HospitalManagement/backend/src/main/scala/Main.scala[0m
2025.05.29 18:41:07 INFO  no build target found for /home/akshaya/Documents/Sem6Labsheets/BDA/HospitalManagement/backend/src/main/scala/Main.scala. Using presentation compiler with project's scala-library version: 3.3.6[0m
2025.05.29 18:41:08 INFO  no build target found for /home/akshaya/Documents/Sem6Labsheets/BDA/HospitalManagement/backend/src/main/scala/Main.scala. Using presentation compiler with project's scala-library version: 3.3.6[0m
2025.05.29 18:41:09 INFO  no build target found for /home/akshaya/Documents/Sem6Labsheets/BDA/HospitalManagement/backend/src/main/scala/Main.scala. Using presentation compiler with project's scala-library version: 3.3.6[0m
2025.05.29 18:41:09 WARN  no build target for: /home/akshaya/Documents/Sem6Labsheets/BDA/HospitalManagement/backend/src/main/scala/Main.scala[0m
2025.05.29 18:41:09 INFO  no build target found for /home/akshaya/Documents/Sem6Labsheets/BDA/HospitalManagement/backend/src/main/scala/Main.scala. Using presentation compiler with project's scala-library version: 3.3.6[0m
2025.05.29 18:41:09 INFO  no build target found for /home/akshaya/Documents/Sem6Labsheets/BDA/HospitalManagement/backend/src/main/scala/Main.scala. Using presentation compiler with project's scala-library version: 3.3.6[0m
2025.05.29 18:42:40 INFO  no build target found for /home/akshaya/Documents/Sem6Labsheets/BDA/HospitalManagement/backend/src/main/scala/Main.scala. Using presentation compiler with project's scala-library version: 3.3.6[0m
2025.05.29 18:43:12 INFO  no build target found for /home/akshaya/Documents/Sem6Labsheets/BDA/HospitalManagement/backend/src/main/scala/Main.scala. Using presentation compiler with project's scala-library version: 3.3.6[0m
2025.05.29 18:43:12 INFO  no build target found for /home/akshaya/Documents/Sem6Labsheets/BDA/HospitalManagement/backend/src/main/scala/Main.scala. Using presentation compiler with project's scala-library version: 3.3.6[0m
2025.05.29 18:43:14 INFO  no build target found for /home/akshaya/Documents/Sem6Labsheets/BDA/HospitalManagement/backend/src/main/scala/Main.scala. Using presentation compiler with project's scala-library version: 3.3.6[0m
2025.05.29 18:43:15 INFO  no build target found for /home/akshaya/Documents/Sem6Labsheets/BDA/HospitalManagement/backend/src/main/scala/Main.scala. Using presentation compiler with project's scala-library version: 3.3.6[0m
2025.05.29 18:43:15 INFO  no build target found for /home/akshaya/Documents/Sem6Labsheets/BDA/HospitalManagement/backend/src/main/scala/Main.scala. Using presentation compiler with project's scala-library version: 3.3.6[0m
2025.05.29 18:43:17 INFO  no build target found for /home/akshaya/Documents/Sem6Labsheets/BDA/HospitalManagement/backend/src/main/scala/Main.scala. Using presentation compiler with project's scala-library version: 3.3.6[0m
2025.05.29 18:43:18 INFO  no build target found for /home/akshaya/Documents/Sem6Labsheets/BDA/HospitalManagement/backend/src/main/scala/Main.scala. Using presentation compiler with project's scala-library version: 3.3.6[0m
2025.05.29 18:43:18 INFO  no build target found for /home/akshaya/Documents/Sem6Labsheets/BDA/HospitalManagement/backend/src/main/scala/Main.scala. Using presentation compiler with project's scala-library version: 3.3.6[0m
2025.05.29 18:43:18 INFO  no build target found for /home/akshaya/Documents/Sem6Labsheets/BDA/HospitalManagement/backend/src/main/scala/Main.scala. Using presentation compiler with project's scala-library version: 3.3.6[0m
2025.05.29 18:43:19 INFO  no build target found for /home/akshaya/Documents/Sem6Labsheets/BDA/HospitalManagement/backend/src/main/scala/Main.scala. Using presentation compiler with project's scala-library version: 3.3.6[0m
2025.05.29 18:43:20 INFO  no build target found for /home/akshaya/Documents/Sem6Labsheets/BDA/HospitalManagement/backend/src/main/scala/Main.scala. Using presentation compiler with project's scala-library version: 3.3.6[0m
2025.05.29 18:43:20 WARN  no build target for: /home/akshaya/Documents/Sem6Labsheets/BDA/HospitalManagement/backend/src/main/scala/Main.scala[0m
2025.05.29 18:43:20 INFO  no build target found for /home/akshaya/Documents/Sem6Labsheets/BDA/HospitalManagement/backend/src/main/scala/Main.scala. Using presentation compiler with project's scala-library version: 3.3.6[0m
2025.05.29 18:43:20 INFO  no build target found for /home/akshaya/Documents/Sem6Labsheets/BDA/HospitalManagement/backend/src/main/scala/Main.scala. Using presentation compiler with project's scala-library version: 3.3.6[0m
2025.05.29 18:43:20 INFO  no build target found for /home/akshaya/Documents/Sem6Labsheets/BDA/HospitalManagement/backend/src/main/scala/Main.scala. Using presentation compiler with project's scala-library version: 3.3.6[0m
2025.05.29 18:43:20 INFO  no build target found for /home/akshaya/Documents/Sem6Labsheets/BDA/HospitalManagement/backend/src/main/scala/Main.scala. Using presentation compiler with project's scala-library version: 3.3.6[0m
2025.05.29 18:43:20 INFO  no build target found for /home/akshaya/Documents/Sem6Labsheets/BDA/HospitalManagement/backend/src/main/scala/Main.scala. Using presentation compiler with project's scala-library version: 3.3.6[0m
2025.05.29 18:43:20 INFO  no build target found for /home/akshaya/Documents/Sem6Labsheets/BDA/HospitalManagement/backend/src/main/scala/Main.scala. Using presentation compiler with project's scala-library version: 3.3.6[0m
2025.05.29 18:43:20 INFO  no build target found for /home/akshaya/Documents/Sem6Labsheets/BDA/HospitalManagement/backend/src/main/scala/Main.scala. Using presentation compiler with project's scala-library version: 3.3.6[0m
2025.05.29 18:43:21 INFO  no build target found for /home/akshaya/Documents/Sem6Labsheets/BDA/HospitalManagement/backend/src/main/scala/Main.scala. Using presentation compiler with project's scala-library version: 3.3.6[0m
2025.05.29 18:43:22 INFO  no build target found for /home/akshaya/Documents/Sem6Labsheets/BDA/HospitalManagement/backend/src/main/scala/Main.scala. Using presentation compiler with project's scala-library version: 3.3.6[0m
2025.05.29 18:43:22 INFO  no build target found for /home/akshaya/Documents/Sem6Labsheets/BDA/HospitalManagement/backend/src/main/scala/Main.scala. Using presentation compiler with project's scala-library version: 3.3.6[0m
2025.05.29 18:43:21 INFO  no build target found for /home/akshaya/Documents/Sem6Labsheets/BDA/HospitalManagement/backend/src/main/scala/Main.scala. Using presentation compiler with project's scala-library version: 3.3.6[0m
2025.05.29 18:43:22 INFO  no build target found for /home/akshaya/Documents/Sem6Labsheets/BDA/HospitalManagement/backend/src/main/scala/Main.scala. Using presentation compiler with project's scala-library version: 3.3.6[0m
2025.05.29 18:43:22 INFO  no build target found for /home/akshaya/Documents/Sem6Labsheets/BDA/HospitalManagement/backend/src/main/scala/Main.scala. Using presentation compiler with project's scala-library version: 3.3.6[0m
2025.05.29 18:43:22 INFO  no build target found for /home/akshaya/Documents/Sem6Labsheets/BDA/HospitalManagement/backend/src/main/scala/Main.scala. Using presentation compiler with project's scala-library version: 3.3.6[0m
2025.05.29 18:43:22 INFO  no build target found for /home/akshaya/Documents/Sem6Labsheets/BDA/HospitalManagement/backend/src/main/scala/Main.scala. Using presentation compiler with project's scala-library version: 3.3.6[0m
2025.05.29 18:43:23 INFO  no build target found for /home/akshaya/Documents/Sem6Labsheets/BDA/HospitalManagement/backend/src/main/scala/Main.scala. Using presentation compiler with project's scala-library version: 3.3.6[0m
2025.05.29 18:43:23 INFO  no build target found for /home/akshaya/Documents/Sem6Labsheets/BDA/HospitalManagement/backend/src/main/scala/Main.scala. Using presentation compiler with project's scala-library version: 3.3.6[0m
2025.05.29 18:43:23 INFO  no build target found for /home/akshaya/Documents/Sem6Labsheets/BDA/HospitalManagement/backend/src/main/scala/Main.scala. Using presentation compiler with project's scala-library version: 3.3.6[0m
2025.05.29 18:43:23 INFO  no build target found for /home/akshaya/Documents/Sem6Labsheets/BDA/HospitalManagement/backend/src/main/scala/Main.scala. Using presentation compiler with project's scala-library version: 3.3.6[0m
2025.05.29 18:43:23 INFO  no build target found for /home/akshaya/Documents/Sem6Labsheets/BDA/HospitalManagement/backend/src/main/scala/Main.scala. Using presentation compiler with project's scala-library version: 3.3.6[0m
2025.05.29 18:43:23 INFO  no build target found for /home/akshaya/Documents/Sem6Labsheets/BDA/HospitalManagement/backend/src/main/scala/Main.scala. Using presentation compiler with project's scala-library version: 3.3.6[0m
2025.05.29 18:43:24 INFO  no build target found for /home/akshaya/Documents/Sem6Labsheets/BDA/HospitalManagement/backend/src/main/scala/Main.scala. Using presentation compiler with project's scala-library version: 3.3.6[0m
2025.05.29 18:43:24 WARN  no build target for: /home/akshaya/Documents/Sem6Labsheets/BDA/HospitalManagement/backend/src/main/scala/Main.scala[0m
2025.05.29 18:43:24 INFO  no build target found for /home/akshaya/Documents/Sem6Labsheets/BDA/HospitalManagement/backend/src/main/scala/Main.scala. Using presentation compiler with project's scala-library version: 3.3.6[0m
2025.05.29 18:43:24 INFO  no build target found for /home/akshaya/Documents/Sem6Labsheets/BDA/HospitalManagement/backend/src/main/scala/Main.scala. Using presentation compiler with project's scala-library version: 3.3.6[0m
2025.05.29 18:43:38 INFO  no build target found for /home/akshaya/Documents/Sem6Labsheets/BDA/HospitalManagement/backend/src/main/scala/Main.scala. Using presentation compiler with project's scala-library version: 3.3.6[0m
2025.05.29 18:43:43 INFO  no build target found for /home/akshaya/Documents/Sem6Labsheets/BDA/HospitalManagement/backend/src/main/scala/Main.scala. Using presentation compiler with project's scala-library version: 3.3.6[0m
2025.05.29 18:43:43 INFO  no build target found for /home/akshaya/Documents/Sem6Labsheets/BDA/HospitalManagement/backend/src/main/scala/Main.scala. Using presentation compiler with project's scala-library version: 3.3.6[0m
2025.05.29 18:43:44 INFO  no build target found for /home/akshaya/Documents/Sem6Labsheets/BDA/HospitalManagement/backend/src/main/scala/Main.scala. Using presentation compiler with project's scala-library version: 3.3.6[0m
2025.05.29 18:43:44 INFO  no build target found for /home/akshaya/Documents/Sem6Labsheets/BDA/HospitalManagement/backend/src/main/scala/Main.scala. Using presentation compiler with project's scala-library version: 3.3.6[0m
2025.05.29 18:43:44 INFO  no build target found for /home/akshaya/Documents/Sem6Labsheets/BDA/HospitalManagement/backend/src/main/scala/Main.scala. Using presentation compiler with project's scala-library version: 3.3.6[0m
2025.05.29 18:43:44 INFO  no build target found for /home/akshaya/Documents/Sem6Labsheets/BDA/HospitalManagement/backend/src/main/scala/Main.scala. Using presentation compiler with project's scala-library version: 3.3.6[0m
2025.05.29 18:43:46 INFO  no build target found for /home/akshaya/Documents/Sem6Labsheets/BDA/HospitalManagement/backend/src/main/scala/Main.scala. Using presentation compiler with project's scala-library version: 3.3.6[0m
2025.05.29 18:43:46 INFO  no build target found for /home/akshaya/Documents/Sem6Labsheets/BDA/HospitalManagement/backend/src/main/scala/Main.scala. Using presentation compiler with project's scala-library version: 3.3.6[0m
2025.05.29 18:43:48 INFO  no build target found for /home/akshaya/Documents/Sem6Labsheets/BDA/HospitalManagement/backend/src/main/scala/Main.scala. Using presentation compiler with project's scala-library version: 3.3.6[0m
2025.05.29 18:43:49 INFO  no build target found for /home/akshaya/Documents/Sem6Labsheets/BDA/HospitalManagement/backend/src/main/scala/Main.scala. Using presentation compiler with project's scala-library version: 3.3.6[0m
2025.05.29 18:43:49 INFO  no build target found for /home/akshaya/Documents/Sem6Labsheets/BDA/HospitalManagement/backend/src/main/scala/Main.scala. Using presentation compiler with project's scala-library version: 3.3.6[0m
2025.05.29 18:43:49 INFO  no build target found for /home/akshaya/Documents/Sem6Labsheets/BDA/HospitalManagement/backend/src/main/scala/Main.scala. Using presentation compiler with project's scala-library version: 3.3.6[0m
2025.05.29 18:43:50 INFO  no build target found for /home/akshaya/Documents/Sem6Labsheets/BDA/HospitalManagement/backend/src/main/scala/Main.scala. Using presentation compiler with project's scala-library version: 3.3.6[0m
2025.05.29 18:43:51 WARN  no build target for: /home/akshaya/Documents/Sem6Labsheets/BDA/HospitalManagement/backend/src/main/scala/Main.scala[0m
2025.05.29 18:43:50 INFO  no build target found for /home/akshaya/Documents/Sem6Labsheets/BDA/HospitalManagement/backend/src/main/scala/Main.scala. Using presentation compiler with project's scala-library version: 3.3.6[0m
2025.05.29 18:43:51 INFO  no build target found for /home/akshaya/Documents/Sem6Labsheets/BDA/HospitalManagement/backend/src/main/scala/Main.scala. Using presentation compiler with project's scala-library version: 3.3.6[0m
2025.05.29 18:43:51 INFO  no build target found for /home/akshaya/Documents/Sem6Labsheets/BDA/HospitalManagement/backend/src/main/scala/Main.scala. Using presentation compiler with project's scala-library version: 3.3.6[0m
2025.05.29 18:43:51 INFO  no build target found for /home/akshaya/Documents/Sem6Labsheets/BDA/HospitalManagement/backend/src/main/scala/Main.scala. Using presentation compiler with project's scala-library version: 3.3.6[0m
2025.05.29 18:43:51 INFO  no build target found for /home/akshaya/Documents/Sem6Labsheets/BDA/HospitalManagement/backend/src/main/scala/Main.scala. Using presentation compiler with project's scala-library version: 3.3.6[0m
2025.05.29 18:43:51 INFO  no build target found for /home/akshaya/Documents/Sem6Labsheets/BDA/HospitalManagement/backend/src/main/scala/Main.scala. Using presentation compiler with project's scala-library version: 3.3.6[0m
2025.05.29 18:43:52 INFO  no build target found for /home/akshaya/Documents/Sem6Labsheets/BDA/HospitalManagement/backend/src/main/scala/Main.scala. Using presentation compiler with project's scala-library version: 3.3.6[0m
2025.05.29 18:43:51 INFO  no build target found for /home/akshaya/Documents/Sem6Labsheets/BDA/HospitalManagement/backend/src/main/scala/Main.scala. Using presentation compiler with project's scala-library version: 3.3.6[0m
2025.05.29 18:43:51 INFO  no build target found for /home/akshaya/Documents/Sem6Labsheets/BDA/HospitalManagement/backend/src/main/scala/Main.scala. Using presentation compiler with project's scala-library version: 3.3.6[0m
2025.05.29 18:43:52 INFO  no build target found for /home/akshaya/Documents/Sem6Labsheets/BDA/HospitalManagement/backend/src/main/scala/Main.scala. Using presentation compiler with project's scala-library version: 3.3.6[0m
2025.05.29 18:43:52 INFO  no build target found for /home/akshaya/Documents/Sem6Labsheets/BDA/HospitalManagement/backend/src/main/scala/Main.scala. Using presentation compiler with project's scala-library version: 3.3.6[0m
2025.05.29 18:43:52 INFO  no build target found for /home/akshaya/Documents/Sem6Labsheets/BDA/HospitalManagement/backend/src/main/scala/Main.scala. Using presentation compiler with project's scala-library version: 3.3.6[0m
2025.05.29 18:43:53 INFO  no build target found for /home/akshaya/Documents/Sem6Labsheets/BDA/HospitalManagement/backend/src/main/scala/Main.scala. Using presentation compiler with project's scala-library version: 3.3.6[0m
2025.05.29 18:43:52 INFO  no build target found for /home/akshaya/Documents/Sem6Labsheets/BDA/HospitalManagement/backend/src/main/scala/Main.scala. Using presentation compiler with project's scala-library version: 3.3.6[0m
2025.05.29 18:43:52 INFO  no build target found for /home/akshaya/Documents/Sem6Labsheets/BDA/HospitalManagement/backend/src/main/scala/Main.scala. Using presentation compiler with project's scala-library version: 3.3.6[0m
2025.05.29 18:43:52 INFO  no build target found for /home/akshaya/Documents/Sem6Labsheets/BDA/HospitalManagement/backend/src/main/scala/Main.scala. Using presentation compiler with project's scala-library version: 3.3.6[0m
2025.05.29 18:43:53 INFO  no build target found for /home/akshaya/Documents/Sem6Labsheets/BDA/HospitalManagement/backend/src/main/scala/Main.scala. Using presentation compiler with project's scala-library version: 3.3.6[0m
2025.05.29 18:43:52 INFO  no build target found for /home/akshaya/Documents/Sem6Labsheets/BDA/HospitalManagement/backend/src/main/scala/Main.scala. Using presentation compiler with project's scala-library version: 3.3.6[0m
2025.05.29 18:43:53 INFO  no build target found for /home/akshaya/Documents/Sem6Labsheets/BDA/HospitalManagement/backend/src/main/scala/Main.scala. Using presentation compiler with project's scala-library version: 3.3.6[0m
2025.05.29 18:43:53 INFO  no build target found for /home/akshaya/Documents/Sem6Labsheets/BDA/HospitalManagement/backend/src/main/scala/Main.scala. Using presentation compiler with project's scala-library version: 3.3.6[0m
2025.05.29 18:43:54 WARN  no build target for: /home/akshaya/Documents/Sem6Labsheets/BDA/HospitalManagement/backend/src/main/scala/Main.scala[0m
2025.05.29 18:43:54 INFO  no build target found for /home/akshaya/Documents/Sem6Labsheets/BDA/HospitalManagement/backend/src/main/scala/Main.scala. Using presentation compiler with project's scala-library version: 3.3.6[0m
2025.05.29 18:43:54 INFO  no build target found for /home/akshaya/Documents/Sem6Labsheets/BDA/HospitalManagement/backend/src/main/scala/Main.scala. Using presentation compiler with project's scala-library version: 3.3.6[0m
2025.05.29 18:43:56 INFO  no build target found for /home/akshaya/Documents/Sem6Labsheets/BDA/HospitalManagement/backend/src/main/scala/Main.scala. Using presentation compiler with project's scala-library version: 3.3.6[0m
2025.05.29 18:43:56 INFO  no build target found for /home/akshaya/Documents/Sem6Labsheets/BDA/HospitalManagement/backend/src/main/scala/Main.scala. Using presentation compiler with project's scala-library version: 3.3.6[0m
2025.05.29 18:43:56 INFO  no build target found for /home/akshaya/Documents/Sem6Labsheets/BDA/HospitalManagement/backend/src/main/scala/Main.scala. Using presentation compiler with project's scala-library version: 3.3.6[0m
2025.05.29 18:43:56 INFO  no build target found for /home/akshaya/Documents/Sem6Labsheets/BDA/HospitalManagement/backend/src/main/scala/Main.scala. Using presentation compiler with project's scala-library version: 3.3.6[0m
2025.05.29 18:43:56 INFO  no build target found for /home/akshaya/Documents/Sem6Labsheets/BDA/HospitalManagement/backend/src/main/scala/Main.scala. Using presentation compiler with project's scala-library version: 3.3.6[0m
2025.05.29 18:43:56 INFO  no build target found for /home/akshaya/Documents/Sem6Labsheets/BDA/HospitalManagement/backend/src/main/scala/Main.scala. Using presentation compiler with project's scala-library version: 3.3.6[0m
2025.05.29 18:44:00 INFO  no build target found for /home/akshaya/Documents/Sem6Labsheets/BDA/HospitalManagement/backend/src/main/scala/Main.scala. Using presentation compiler with project's scala-library version: 3.3.6[0m
2025.05.29 18:44:00 INFO  no build target found for /home/akshaya/Documents/Sem6Labsheets/BDA/HospitalManagement/backend/src/main/scala/Main.scala. Using presentation compiler with project's scala-library version: 3.3.6[0m
2025.05.29 18:44:01 INFO  no build target found for /home/akshaya/Documents/Sem6Labsheets/BDA/HospitalManagement/backend/src/main/scala/Main.scala. Using presentation compiler with project's scala-library version: 3.3.6[0m
2025.05.29 18:44:01 INFO  no build target found for /home/akshaya/Documents/Sem6Labsheets/BDA/HospitalManagement/backend/src/main/scala/Main.scala. Using presentation compiler with project's scala-library version: 3.3.6[0m
2025.05.29 18:44:01 INFO  no build target found for /home/akshaya/Documents/Sem6Labsheets/BDA/HospitalManagement/backend/src/main/scala/Main.scala. Using presentation compiler with project's scala-library version: 3.3.6[0m
2025.05.29 18:44:01 INFO  no build target found for /home/akshaya/Documents/Sem6Labsheets/BDA/HospitalManagement/backend/src/main/scala/Main.scala. Using presentation compiler with project's scala-library version: 3.3.6[0m
2025.05.29 18:44:01 INFO  no build target found for /home/akshaya/Documents/Sem6Labsheets/BDA/HospitalManagement/backend/src/main/scala/Main.scala. Using presentation compiler with project's scala-library version: 3.3.6[0m
2025.05.29 18:44:02 WARN  no build target for: /home/akshaya/Documents/Sem6Labsheets/BDA/HospitalManagement/backend/src/main/scala/Main.scala[0m
2025.05.29 18:44:02 INFO  no build target found for /home/akshaya/Documents/Sem6Labsheets/BDA/HospitalManagement/backend/src/main/scala/Main.scala. Using presentation compiler with project's scala-library version: 3.3.6[0m
2025.05.29 18:44:02 INFO  no build target found for /home/akshaya/Documents/Sem6Labsheets/BDA/HospitalManagement/backend/src/main/scala/Main.scala. Using presentation compiler with project's scala-library version: 3.3.6[0m
May 29, 2025 6:44:02 PM org.eclipse.lsp4j.jsonrpc.RemoteEndpoint handleCancellation
WARNING: Unmatched cancel notification for request id 160
2025.05.29 18:44:02 INFO  no build target found for /home/akshaya/Documents/Sem6Labsheets/BDA/HospitalManagement/backend/src/main/scala/Main.scala. Using presentation compiler with project's scala-library version: 3.3.6[0m
2025.05.29 18:44:02 INFO  no build target found for /home/akshaya/Documents/Sem6Labsheets/BDA/HospitalManagement/backend/src/main/scala/Main.scala. Using presentation compiler with project's scala-library version: 3.3.6[0m
2025.05.29 18:44:02 INFO  no build target found for /home/akshaya/Documents/Sem6Labsheets/BDA/HospitalManagement/backend/src/main/scala/Main.scala. Using presentation compiler with project's scala-library version: 3.3.6[0m
2025.05.29 18:44:03 INFO  no build target found for /home/akshaya/Documents/Sem6Labsheets/BDA/HospitalManagement/backend/src/main/scala/Main.scala. Using presentation compiler with project's scala-library version: 3.3.6[0m
2025.05.29 18:44:02 INFO  no build target found for /home/akshaya/Documents/Sem6Labsheets/BDA/HospitalManagement/backend/src/main/scala/Main.scala. Using presentation compiler with project's scala-library version: 3.3.6[0m
2025.05.29 18:44:02 INFO  no build target found for /home/akshaya/Documents/Sem6Labsheets/BDA/HospitalManagement/backend/src/main/scala/Main.scala. Using presentation compiler with project's scala-library version: 3.3.6[0m
2025.05.29 18:44:02 INFO  no build target found for /home/akshaya/Documents/Sem6Labsheets/BDA/HospitalManagement/backend/src/main/scala/Main.scala. Using presentation compiler with project's scala-library version: 3.3.6[0m
2025.05.29 18:44:02 INFO  no build target found for /home/akshaya/Documents/Sem6Labsheets/BDA/HospitalManagement/backend/src/main/scala/Main.scala. Using presentation compiler with project's scala-library version: 3.3.6[0m
2025.05.29 18:44:03 INFO  no build target found for /home/akshaya/Documents/Sem6Labsheets/BDA/HospitalManagement/backend/src/main/scala/Main.scala. Using presentation compiler with project's scala-library version: 3.3.6[0m
2025.05.29 18:44:03 INFO  no build target found for /home/akshaya/Documents/Sem6Labsheets/BDA/HospitalManagement/backend/src/main/scala/Main.scala. Using presentation compiler with project's scala-library version: 3.3.6[0m
2025.05.29 18:44:03 INFO  no build target found for /home/akshaya/Documents/Sem6Labsheets/BDA/HospitalManagement/backend/src/main/scala/Main.scala. Using presentation compiler with project's scala-library version: 3.3.6[0m
2025.05.29 18:44:03 INFO  no build target found for /home/akshaya/Documents/Sem6Labsheets/BDA/HospitalManagement/backend/src/main/scala/Main.scala. Using presentation compiler with project's scala-library version: 3.3.6[0m
2025.05.29 18:44:03 INFO  no build target found for /home/akshaya/Documents/Sem6Labsheets/BDA/HospitalManagement/backend/src/main/scala/Main.scala. Using presentation compiler with project's scala-library version: 3.3.6[0m
2025.05.29 18:44:03 INFO  no build target found for /home/akshaya/Documents/Sem6Labsheets/BDA/HospitalManagement/backend/src/main/scala/Main.scala. Using presentation compiler with project's scala-library version: 3.3.6[0m
2025.05.29 18:44:04 INFO  no build target found for /home/akshaya/Documents/Sem6Labsheets/BDA/HospitalManagement/backend/src/main/scala/Main.scala. Using presentation compiler with project's scala-library version: 3.3.6[0m
2025.05.29 18:44:03 INFO  no build target found for /home/akshaya/Documents/Sem6Labsheets/BDA/HospitalManagement/backend/src/main/scala/Main.scala. Using presentation compiler with project's scala-library version: 3.3.6[0m
2025.05.29 18:44:03 INFO  no build target found for /home/akshaya/Documents/Sem6Labsheets/BDA/HospitalManagement/backend/src/main/scala/Main.scala. Using presentation compiler with project's scala-library version: 3.3.6[0m
2025.05.29 18:44:04 INFO  no build target found for /home/akshaya/Documents/Sem6Labsheets/BDA/HospitalManagement/backend/src/main/scala/Main.scala. Using presentation compiler with project's scala-library version: 3.3.6[0m
2025.05.29 18:44:04 INFO  no build target found for /home/akshaya/Documents/Sem6Labsheets/BDA/HospitalManagement/backend/src/main/scala/Main.scala. Using presentation compiler with project's scala-library version: 3.3.6[0m
2025.05.29 18:44:04 INFO  no build target found for /home/akshaya/Documents/Sem6Labsheets/BDA/HospitalManagement/backend/src/main/scala/Main.scala. Using presentation compiler with project's scala-library version: 3.3.6[0m
2025.05.29 18:44:04 INFO  no build target found for /home/akshaya/Documents/Sem6Labsheets/BDA/HospitalManagement/backend/src/main/scala/Main.scala. Using presentation compiler with project's scala-library version: 3.3.6[0m
2025.05.29 18:44:05 INFO  no build target found for /home/akshaya/Documents/Sem6Labsheets/BDA/HospitalManagement/backend/src/main/scala/Main.scala. Using presentation compiler with project's scala-library version: 3.3.6[0m
2025.05.29 18:44:05 WARN  no build target for: /home/akshaya/Documents/Sem6Labsheets/BDA/HospitalManagement/backend/src/main/scala/Main.scala[0m
2025.05.29 18:44:05 INFO  no build target found for /home/akshaya/Documents/Sem6Labsheets/BDA/HospitalManagement/backend/src/main/scala/Main.scala. Using presentation compiler with project's scala-library version: 3.3.6[0m
2025.05.29 18:44:05 INFO  no build target found for /home/akshaya/Documents/Sem6Labsheets/BDA/HospitalManagement/backend/src/main/scala/Main.scala. Using presentation compiler with project's scala-library version: 3.3.6[0m
2025.05.29 18:44:06 INFO  no build target found for /home/akshaya/Documents/Sem6Labsheets/BDA/HospitalManagement/backend/src/main/scala/Main.scala. Using presentation compiler with project's scala-library version: 3.3.6[0m
2025.05.29 18:44:06 INFO  no build target found for /home/akshaya/Documents/Sem6Labsheets/BDA/HospitalManagement/backend/src/main/scala/Main.scala. Using presentation compiler with project's scala-library version: 3.3.6[0m
2025.05.29 18:44:06 INFO  no build target found for /home/akshaya/Documents/Sem6Labsheets/BDA/HospitalManagement/backend/src/main/scala/Main.scala. Using presentation compiler with project's scala-library version: 3.3.6[0m
2025.05.29 18:44:06 INFO  no build target found for /home/akshaya/Documents/Sem6Labsheets/BDA/HospitalManagement/backend/src/main/scala/Main.scala. Using presentation compiler with project's scala-library version: 3.3.6[0m
2025.05.29 18:44:06 INFO  no build target found for /home/akshaya/Documents/Sem6Labsheets/BDA/HospitalManagement/backend/src/main/scala/Main.scala. Using presentation compiler with project's scala-library version: 3.3.6[0m
2025.05.29 18:44:07 WARN  no build target for: /home/akshaya/Documents/Sem6Labsheets/BDA/HospitalManagement/backend/src/main/scala/Main.scala[0m
2025.05.29 18:44:07 INFO  no build target found for /home/akshaya/Documents/Sem6Labsheets/BDA/HospitalManagement/backend/src/main/scala/Main.scala. Using presentation compiler with project's scala-library version: 3.3.6[0m
2025.05.29 18:44:09 INFO  no build target found for /home/akshaya/Documents/Sem6Labsheets/BDA/HospitalManagement/backend/src/main/scala/Main.scala. Using presentation compiler with project's scala-library version: 3.3.6[0m
2025.05.29 18:45:11 INFO  no build target found for /home/akshaya/Documents/Sem6Labsheets/BDA/HospitalManagement/backend/src/main/scala/Main.scala. Using presentation compiler with project's scala-library version: 3.3.6[0m
2025.05.29 18:45:15 INFO  no build target found for /home/akshaya/Documents/Sem6Labsheets/BDA/HospitalManagement/backend/src/main/scala/Main.scala. Using presentation compiler with project's scala-library version: 3.3.6[0m
2025.05.29 18:45:23 INFO  no build target found for /home/akshaya/Documents/Sem6Labsheets/BDA/HospitalManagement/backend/src/main/scala/Main.scala. Using presentation compiler with project's scala-library version: 3.3.6[0m
2025.05.29 18:45:26 INFO  no build target found for /home/akshaya/Documents/Sem6Labsheets/BDA/HospitalManagement/backend/src/main/scala/Main.scala. Using presentation compiler with project's scala-library version: 3.3.6[0m
2025.05.29 18:45:36 INFO  no build target found for /home/akshaya/Documents/Sem6Labsheets/BDA/HospitalManagement/backend/src/main/scala/Main.scala. Using presentation compiler with project's scala-library version: 3.3.6[0m
2025.05.29 18:45:36 INFO  no build target found for /home/akshaya/Documents/Sem6Labsheets/BDA/HospitalManagement/backend/src/main/scala/Main.scala. Using presentation compiler with project's scala-library version: 3.3.6[0m
2025.05.29 18:45:40 INFO  no build target found for /home/akshaya/Documents/Sem6Labsheets/BDA/HospitalManagement/backend/src/main/scala/Main.scala. Using presentation compiler with project's scala-library version: 3.3.6[0m
2025.05.29 18:45:40 INFO  no build target found for /home/akshaya/Documents/Sem6Labsheets/BDA/HospitalManagement/backend/src/main/scala/Main.scala. Using presentation compiler with project's scala-library version: 3.3.6[0m
2025.05.29 18:45:43 INFO  no build target found for /home/akshaya/Documents/Sem6Labsheets/BDA/HospitalManagement/backend/src/main/scala/Main.scala. Using presentation compiler with project's scala-library version: 3.3.6[0m
2025.05.29 18:45:49 INFO  no build target found for /home/akshaya/Documents/Sem6Labsheets/BDA/HospitalManagement/backend/src/main/scala/Main.scala. Using presentation compiler with project's scala-library version: 3.3.6[0m
2025.05.29 18:45:49 INFO  no build target found for /home/akshaya/Documents/Sem6Labsheets/BDA/HospitalManagement/backend/src/main/scala/Main.scala. Using presentation compiler with project's scala-library version: 3.3.6[0m
2025.05.29 18:45:49 INFO  no build target found for /home/akshaya/Documents/Sem6Labsheets/BDA/HospitalManagement/backend/src/main/scala/Main.scala. Using presentation compiler with project's scala-library version: 3.3.6[0m
2025.05.29 18:45:51 INFO  no build target found for /home/akshaya/Documents/Sem6Labsheets/BDA/HospitalManagement/backend/src/main/scala/Main.scala. Using presentation compiler with project's scala-library version: 3.3.6[0m
2025.05.29 18:45:59 INFO  no build target found for /home/akshaya/Documents/Sem6Labsheets/BDA/HospitalManagement/backend/src/main/scala/Main.scala. Using presentation compiler with project's scala-library version: 3.3.6[0m
2025.05.29 18:46:01 INFO  no build target found for /home/akshaya/Documents/Sem6Labsheets/BDA/HospitalManagement/backend/src/main/scala/Main.scala. Using presentation compiler with project's scala-library version: 3.3.6[0m
2025.05.29 18:46:01 INFO  no build target found for /home/akshaya/Documents/Sem6Labsheets/BDA/HospitalManagement/backend/src/main/scala/Main.scala. Using presentation compiler with project's scala-library version: 3.3.6[0m
2025.05.29 18:46:01 INFO  no build target found for /home/akshaya/Documents/Sem6Labsheets/BDA/HospitalManagement/backend/src/main/scala/Main.scala. Using presentation compiler with project's scala-library version: 3.3.6[0m
2025.05.29 18:46:03 INFO  no build target found for /home/akshaya/Documents/Sem6Labsheets/BDA/HospitalManagement/backend/src/main/scala/Main.scala. Using presentation compiler with project's scala-library version: 3.3.6[0m
2025.05.29 18:46:05 INFO  no build target found for /home/akshaya/Documents/Sem6Labsheets/BDA/HospitalManagement/backend/src/main/scala/Main.scala. Using presentation compiler with project's scala-library version: 3.3.6[0m
2025.05.29 18:46:05 INFO  no build target found for /home/akshaya/Documents/Sem6Labsheets/BDA/HospitalManagement/backend/src/main/scala/Main.scala. Using presentation compiler with project's scala-library version: 3.3.6[0m
2025.05.29 18:46:08 INFO  no build target found for /home/akshaya/Documents/Sem6Labsheets/BDA/HospitalManagement/backend/src/main/scala/Main.scala. Using presentation compiler with project's scala-library version: 3.3.6[0m
2025.05.29 18:46:09 INFO  no build target found for /home/akshaya/Documents/Sem6Labsheets/BDA/HospitalManagement/backend/src/main/scala/Main.scala. Using presentation compiler with project's scala-library version: 3.3.6[0m
2025.05.29 18:46:10 INFO  no build target found for /home/akshaya/Documents/Sem6Labsheets/BDA/HospitalManagement/backend/src/main/scala/Main.scala. Using presentation compiler with project's scala-library version: 3.3.6[0m
2025.05.29 18:46:11 INFO  no build target found for /home/akshaya/Documents/Sem6Labsheets/BDA/HospitalManagement/backend/src/main/scala/Main.scala. Using presentation compiler with project's scala-library version: 3.3.6[0m
2025.05.29 18:46:11 INFO  no build target found for /home/akshaya/Documents/Sem6Labsheets/BDA/HospitalManagement/backend/src/main/scala/Main.scala. Using presentation compiler with project's scala-library version: 3.3.6[0m
2025.05.29 18:46:13 INFO  no build target found for /home/akshaya/Documents/Sem6Labsheets/BDA/HospitalManagement/backend/src/main/scala/Main.scala. Using presentation compiler with project's scala-library version: 3.3.6[0m
2025.05.29 18:46:15 INFO  no build target found for /home/akshaya/Documents/Sem6Labsheets/BDA/HospitalManagement/backend/src/main/scala/Main.scala. Using presentation compiler with project's scala-library version: 3.3.6[0m
2025.05.29 18:46:16 INFO  no build target found for /home/akshaya/Documents/Sem6Labsheets/BDA/HospitalManagement/backend/src/main/scala/Main.scala. Using presentation compiler with project's scala-library version: 3.3.6[0m
2025.05.29 18:47:00 INFO  no build target found for /home/akshaya/Documents/Sem6Labsheets/BDA/HospitalManagement/backend/src/main/scala/Main.scala. Using presentation compiler with project's scala-library version: 3.3.6[0m
2025.05.29 18:47:00 INFO  no build target found for /home/akshaya/Documents/Sem6Labsheets/BDA/HospitalManagement/backend/src/main/scala/Main.scala. Using presentation compiler with project's scala-library version: 3.3.6[0m
2025.05.29 18:47:01 WARN  no build target for: /home/akshaya/Documents/Sem6Labsheets/BDA/HospitalManagement/backend/src/main/scala/Main.scala[0m
2025.05.29 18:47:01 INFO  no build target found for /home/akshaya/Documents/Sem6Labsheets/BDA/HospitalManagement/backend/src/main/scala/Main.scala. Using presentation compiler with project's scala-library version: 3.3.6[0m
2025.05.29 18:47:01 INFO  no build target found for /home/akshaya/Documents/Sem6Labsheets/BDA/HospitalManagement/backend/src/main/scala/Main.scala. Using presentation compiler with project's scala-library version: 3.3.6[0m
2025.05.29 18:47:06 INFO  no build target found for /home/akshaya/Documents/Sem6Labsheets/BDA/HospitalManagement/backend/src/main/scala/Main.scala. Using presentation compiler with project's scala-library version: 3.3.6[0m
2025.05.29 18:47:09 INFO  no build target found for /home/akshaya/Documents/Sem6Labsheets/BDA/HospitalManagement/backend/src/main/scala/Main.scala. Using presentation compiler with project's scala-library version: 3.3.6[0m
2025.05.29 18:47:09 INFO  no build target found for /home/akshaya/Documents/Sem6Labsheets/BDA/HospitalManagement/backend/src/main/scala/Main.scala. Using presentation compiler with project's scala-library version: 3.3.6[0m
2025.05.29 18:47:10 INFO  no build target found for /home/akshaya/Documents/Sem6Labsheets/BDA/HospitalManagement/backend/src/main/scala/Main.scala. Using presentation compiler with project's scala-library version: 3.3.6[0m
2025.05.29 18:47:10 INFO  no build target found for /home/akshaya/Documents/Sem6Labsheets/BDA/HospitalManagement/backend/src/main/scala/Main.scala. Using presentation compiler with project's scala-library version: 3.3.6[0m
2025.05.29 18:47:11 INFO  no build target found for /home/akshaya/Documents/Sem6Labsheets/BDA/HospitalManagement/backend/src/main/scala/Main.scala. Using presentation compiler with project's scala-library version: 3.3.6[0m
2025.05.29 18:47:11 WARN  no build target for: /home/akshaya/Documents/Sem6Labsheets/BDA/HospitalManagement/backend/src/main/scala/Main.scala[0m
2025.05.29 18:47:11 INFO  no build target found for /home/akshaya/Documents/Sem6Labsheets/BDA/HospitalManagement/backend/src/main/scala/Main.scala. Using presentation compiler with project's scala-library version: 3.3.6[0m
2025.05.29 18:47:11 INFO  no build target found for /home/akshaya/Documents/Sem6Labsheets/BDA/HospitalManagement/backend/src/main/scala/Main.scala. Using presentation compiler with project's scala-library version: 3.3.6[0m
2025.05.29 18:47:25 INFO  no build target found for /home/akshaya/Documents/Sem6Labsheets/BDA/HospitalManagement/backend/src/main/scala/Main.scala. Using presentation compiler with project's scala-library version: 3.3.6[0m
2025.05.29 18:47:25 INFO  no build target found for /home/akshaya/Documents/Sem6Labsheets/BDA/HospitalManagement/backend/src/main/scala/Main.scala. Using presentation compiler with project's scala-library version: 3.3.6[0m
2025.05.29 18:47:25 INFO  no build target found for /home/akshaya/Documents/Sem6Labsheets/BDA/HospitalManagement/backend/src/main/scala/Main.scala. Using presentation compiler with project's scala-library version: 3.3.6[0m
2025.05.29 18:47:26 WARN  no build target for: /home/akshaya/Documents/Sem6Labsheets/BDA/HospitalManagement/backend/src/main/scala/Main.scala[0m
2025.05.29 18:47:26 INFO  no build target found for /home/akshaya/Documents/Sem6Labsheets/BDA/HospitalManagement/backend/src/main/scala/Main.scala. Using presentation compiler with project's scala-library version: 3.3.6[0m
2025.05.29 18:47:27 INFO  no build target found for /home/akshaya/Documents/Sem6Labsheets/BDA/HospitalManagement/backend/src/main/scala/Main.scala. Using presentation compiler with project's scala-library version: 3.3.6[0m
2025.05.29 18:47:35 INFO  no build target found for /home/akshaya/Documents/Sem6Labsheets/BDA/HospitalManagement/backend/src/main/scala/Main.scala. Using presentation compiler with project's scala-library version: 3.3.6[0m
2025.05.29 18:47:35 INFO  no build target found for /home/akshaya/Documents/Sem6Labsheets/BDA/HospitalManagement/backend/src/main/scala/Main.scala. Using presentation compiler with project's scala-library version: 3.3.6[0m
2025.05.29 18:47:37 INFO  no build target found for /home/akshaya/Documents/Sem6Labsheets/BDA/HospitalManagement/backend/src/main/scala/Main.scala. Using presentation compiler with project's scala-library version: 3.3.6[0m
2025.05.29 18:47:37 INFO  no build target found for /home/akshaya/Documents/Sem6Labsheets/BDA/HospitalManagement/backend/src/main/scala/Main.scala. Using presentation compiler with project's scala-library version: 3.3.6[0m
2025.05.29 18:47:37 INFO  no build target found for /home/akshaya/Documents/Sem6Labsheets/BDA/HospitalManagement/backend/src/main/scala/Main.scala. Using presentation compiler with project's scala-library version: 3.3.6[0m
2025.05.29 18:47:38 INFO  no build target found for /home/akshaya/Documents/Sem6Labsheets/BDA/HospitalManagement/backend/src/main/scala/Main.scala. Using presentation compiler with project's scala-library version: 3.3.6[0m
2025.05.29 18:47:38 INFO  no build target found for /home/akshaya/Documents/Sem6Labsheets/BDA/HospitalManagement/backend/src/main/scala/Main.scala. Using presentation compiler with project's scala-library version: 3.3.6[0m
2025.05.29 18:47:38 WARN  no build target for: /home/akshaya/Documents/Sem6Labsheets/BDA/HospitalManagement/backend/src/main/scala/Main.scala[0m
2025.05.29 18:47:38 INFO  no build target found for /home/akshaya/Documents/Sem6Labsheets/BDA/HospitalManagement/backend/src/main/scala/Main.scala. Using presentation compiler with project's scala-library version: 3.3.6[0m
2025.05.29 18:47:48 INFO  no build target found for /home/akshaya/Documents/Sem6Labsheets/BDA/HospitalManagement/backend/src/main/scala/Main.scala. Using presentation compiler with project's scala-library version: 3.3.6[0m
2025.05.29 18:47:53 INFO  no build target found for /home/akshaya/Documents/Sem6Labsheets/BDA/HospitalManagement/backend/src/main/scala/Main.scala. Using presentation compiler with project's scala-library version: 3.3.6[0m
2025.05.29 18:47:55 INFO  no build target found for /home/akshaya/Documents/Sem6Labsheets/BDA/HospitalManagement/backend/src/main/scala/Main.scala. Using presentation compiler with project's scala-library version: 3.3.6[0m
2025.05.29 18:47:56 INFO  no build target found for /home/akshaya/Documents/Sem6Labsheets/BDA/HospitalManagement/backend/src/main/scala/Main.scala. Using presentation compiler with project's scala-library version: 3.3.6[0m
2025.05.29 18:47:58 INFO  no build target found for /home/akshaya/Documents/Sem6Labsheets/BDA/HospitalManagement/backend/src/main/scala/Main.scala. Using presentation compiler with project's scala-library version: 3.3.6[0m
2025.05.29 18:47:59 INFO  no build target found for /home/akshaya/Documents/Sem6Labsheets/BDA/HospitalManagement/backend/src/main/scala/Main.scala. Using presentation compiler with project's scala-library version: 3.3.6[0m
2025.05.29 18:48:01 INFO  no build target found for /home/akshaya/Documents/Sem6Labsheets/BDA/HospitalManagement/backend/src/main/scala/Main.scala. Using presentation compiler with project's scala-library version: 3.3.6[0m
2025.05.29 18:48:01 INFO  no build target found for /home/akshaya/Documents/Sem6Labsheets/BDA/HospitalManagement/backend/src/main/scala/Main.scala. Using presentation compiler with project's scala-library version: 3.3.6[0m
2025.05.29 18:48:02 INFO  no build target found for /home/akshaya/Documents/Sem6Labsheets/BDA/HospitalManagement/backend/src/main/scala/Main.scala. Using presentation compiler with project's scala-library version: 3.3.6[0m
2025.05.29 18:48:02 INFO  no build target found for /home/akshaya/Documents/Sem6Labsheets/BDA/HospitalManagement/backend/src/main/scala/Main.scala. Using presentation compiler with project's scala-library version: 3.3.6[0m
2025.05.29 18:48:02 INFO  no build target found for /home/akshaya/Documents/Sem6Labsheets/BDA/HospitalManagement/backend/src/main/scala/Main.scala. Using presentation compiler with project's scala-library version: 3.3.6[0m
2025.05.29 18:48:05 INFO  no build target found for /home/akshaya/Documents/Sem6Labsheets/BDA/HospitalManagement/backend/src/main/scala/Main.scala. Using presentation compiler with project's scala-library version: 3.3.6[0m
2025.05.29 18:48:05 INFO  no build target found for /home/akshaya/Documents/Sem6Labsheets/BDA/HospitalManagement/backend/src/main/scala/Main.scala. Using presentation compiler with project's scala-library version: 3.3.6[0m
2025.05.29 18:48:07 INFO  no build target found for /home/akshaya/Documents/Sem6Labsheets/BDA/HospitalManagement/backend/src/main/scala/Main.scala. Using presentation compiler with project's scala-library version: 3.3.6[0m
2025.05.29 18:48:07 INFO  no build target found for /home/akshaya/Documents/Sem6Labsheets/BDA/HospitalManagement/backend/src/main/scala/Main.scala. Using presentation compiler with project's scala-library version: 3.3.6[0m
2025.05.29 18:48:08 WARN  no build target for: /home/akshaya/Documents/Sem6Labsheets/BDA/HospitalManagement/backend/src/main/scala/Main.scala[0m
2025.05.29 18:48:08 INFO  no build target found for /home/akshaya/Documents/Sem6Labsheets/BDA/HospitalManagement/backend/src/main/scala/Main.scala. Using presentation compiler with project's scala-library version: 3.3.6[0m
2025.05.29 18:48:08 INFO  no build target found for /home/akshaya/Documents/Sem6Labsheets/BDA/HospitalManagement/backend/src/main/scala/Main.scala. Using presentation compiler with project's scala-library version: 3.3.6[0m
2025.05.29 18:48:12 INFO  no build target found for /home/akshaya/Documents/Sem6Labsheets/BDA/HospitalManagement/backend/src/main/scala/Main.scala. Using presentation compiler with project's scala-library version: 3.3.6[0m
2025.05.29 18:53:09 INFO  no build target found for /home/akshaya/Documents/Sem6Labsheets/BDA/HospitalManagement/backend/src/main/scala/Main.scala. Using presentation compiler with project's scala-library version: 3.3.6[0m
2025.05.29 18:53:29 INFO  no build target found for /home/akshaya/Documents/Sem6Labsheets/BDA/HospitalManagement/backend/src/main/scala/Main.scala. Using presentation compiler with project's scala-library version: 3.3.6[0m
2025.05.29 18:53:42 INFO  no build target found for /home/akshaya/Documents/Sem6Labsheets/BDA/HospitalManagement/backend/src/main/scala/Main.scala. Using presentation compiler with project's scala-library version: 3.3.6[0m
2025.05.29 18:53:44 INFO  Shutting down server[0m
2025.05.29 18:53:44 INFO  shutting down Metals[0m
2025.05.29 18:53:44 INFO  Exiting server[0m
2025.05.29 18:53:44 ERROR Unexpected error initializing server: 
org.eclipse.lsp4j.jsonrpc.ResponseErrorException: Request window/showMessageRequest failed with message: Canceled
	at org.eclipse.lsp4j.jsonrpc.RemoteEndpoint.handleResponse(RemoteEndpoint.java:220)
	at org.eclipse.lsp4j.jsonrpc.RemoteEndpoint.consume(RemoteEndpoint.java:204)
	at org.eclipse.lsp4j.jsonrpc.json.StreamMessageProducer.handleMessage(StreamMessageProducer.java:185)
	at org.eclipse.lsp4j.jsonrpc.json.StreamMessageProducer.listen(StreamMessageProducer.java:97)
	at org.eclipse.lsp4j.jsonrpc.json.ConcurrentMessageProcessor.run(ConcurrentMessageProcessor.java:114)
	at java.util.concurrent.Executors$RunnableAdapter.call(Executors.java:539)
	at java.util.concurrent.FutureTask.run(FutureTask.java:264)
	at java.util.concurrent.ThreadPoolExecutor.runWorker(ThreadPoolExecutor.java:1136)
	at java.util.concurrent.ThreadPoolExecutor$Worker.run(ThreadPoolExecutor.java:635)
	at java.lang.Thread.run(Thread.java:840)
[0m
